<?xml version="1.0" encoding="UTF-8"?>
<!-- Generated by org.testng.reporters.JUnitReportReporter -->
<testsuite hostname="EPIQ-G37QX33" failures="0" tests="1" name="com.cde.docketrequest.DocketRequestCh13" time="19.001" errors="0" timestamp="2022-09-14T09:44:10 IST" skipped="0">
  <testcase classname="com.cde.docketrequest.DocketRequestCh13" name="validDocketRange" time="19.001"/>
  <system-out/>
</testsuite> <!-- com.cde.docketrequest.DocketRequestCh13 -->
