<?xml version="1.0" encoding="UTF-8"?>
<!-- Generated by org.testng.reporters.JUnitReportReporter -->
<testsuite hostname="EPIQ-PF2C1YN5" failures="0" tests="2" name="com.cde.client.AddClient" time="16.149" errors="0" timestamp="2022-06-01T13:43:24 IST" skipped="0">
  <testcase classname="com.cde.client.AddClient" name="verifyClientPage" time="6.455"/>
  <system-out/>
  <testcase classname="com.cde.client.AddClient" name="verifyClientAdd" time="9.694"/>
  <system-out/>
</testsuite> <!-- com.cde.client.AddClient -->
