<?xml version="1.0" encoding="UTF-8"?>
<!-- Generated by org.testng.reporters.JUnitReportReporter -->
<testsuite hostname="EPIQ-PF2C1YN5" failures="0" tests="2" name="com.cde.dockethistory.DistrictFilter" time="42.190" errors="0" timestamp="2022-06-26T13:26:15 IST" skipped="0">
  <testcase classname="com.cde.dockethistory.DistrictFilter" name="verifyDocketHistoryPage" time="8.420"/>
  <system-out/>
  <testcase classname="com.cde.dockethistory.DistrictFilter" name="verifyDistrictFilter" time="33.770"/>
  <system-out/>
</testsuite> <!-- com.cde.dockethistory.DistrictFilter -->
