<?xml version="1.0" encoding="UTF-8"?>
<!-- Generated by org.testng.reporters.JUnitReportReporter -->
<testsuite hostname="EPIQ-PF2C1YN5" failures="0" tests="2" name="com.cde.dockethistory.DocumentTypeFilter" time="61.224" errors="0" timestamp="2022-06-17T16:30:24 IST" skipped="0">
  <testcase classname="com.cde.dockethistory.DocumentTypeFilter" name="verifyDocketHistoryPage" time="7.058"/>
  <system-out/>
  <testcase classname="com.cde.dockethistory.DocumentTypeFilter" name="verifyDocumentTypeFilter" time="54.166"/>
  <system-out/>
</testsuite> <!-- com.cde.dockethistory.DocumentTypeFilter -->
