<?xml version="1.0" encoding="UTF-8"?>
<!-- Generated by org.testng.reporters.JUnitReportReporter -->
<testsuite hostname="EPIQ-PF2C1YN5" failures="0" tests="2" name="com.cde.dockethistory.CaseFilter" time="26.144" errors="0" timestamp="2022-06-26T13:20:46 IST" skipped="0">
  <testcase classname="com.cde.dockethistory.CaseFilter" name="verifyDocketHistoryPage" time="8.522"/>
  <system-out/>
  <testcase classname="com.cde.dockethistory.CaseFilter" name="verifyCaseFilter" time="17.622"/>
  <system-out/>
</testsuite> <!-- com.cde.dockethistory.CaseFilter -->
