<?xml version="1.0" encoding="UTF-8"?>
<!-- Generated by org.testng.reporters.JUnitReportReporter -->
<testsuite hostname="EPIQ-PF2C1YN5" failures="0" tests="2" name="com.cde.client.EditClient" time="16.121" errors="0" timestamp="2022-06-01T18:11:42 IST" skipped="0">
  <testcase classname="com.cde.client.EditClient" name="verifyClientPage" time="6.949"/>
  <system-out/>
  <testcase classname="com.cde.client.EditClient" name="verifyEditClient" time="9.172"/>
  <system-out/>
</testsuite> <!-- com.cde.client.EditClient -->
