<?xml version="1.0" encoding="UTF-8"?>
<!-- Generated by org.testng.reporters.JUnitReportReporter -->
<testsuite skipped="0" hostname="EPIQ-G37QX33" name="com.cde.client.ClientValidation" tests="1" failures="0" timestamp="2021-09-29T16:06:25 IST" time="0.001" errors="0">
  <testcase name="f" time="0.001" classname="com.cde.client.ClientValidation"/>
  <system-out/>
</testsuite> <!-- com.cde.client.ClientValidation -->
