<?xml version="1.0" encoding="UTF-8"?>
<!-- Generated by org.testng.reporters.JUnitReportReporter -->
<testsuite skipped="0" hostname="EPIQ-G37QX33" name="com.cde.home.LoginValidation" tests="1" failures="0" timestamp="2021-09-15T11:22:42 IST" time="0.058" errors="0">
  <testcase name="verifyLogin" time="0.058" classname="com.cde.home.LoginValidation"/>
  <system-out/>
</testsuite> <!-- com.cde.home.LoginValidation -->
