<?xml version="1.0" encoding="UTF-8"?>
<!-- Generated by org.testng.reporters.JUnitReportReporter -->
<testsuite hostname="EPIQ-PF2C1YN5" failures="0" tests="2" name="com.cde.dockethistory.ProductTypeFilter" time="21.194" errors="0" timestamp="2022-06-17T17:28:12 IST" skipped="0">
  <testcase classname="com.cde.dockethistory.ProductTypeFilter" name="verifyDocketHistoryPage" time="7.037"/>
  <system-out/>
  <testcase classname="com.cde.dockethistory.ProductTypeFilter" name="verifyProductTypeFilter" time="14.157"/>
  <system-out/>
</testsuite> <!-- com.cde.dockethistory.ProductTypeFilter -->
