<?xml version="1.0" encoding="UTF-8"?>
<!-- Generated by org.testng.reporters.JUnitReportReporter -->
<testsuite hostname="EPIQ-PF2C1YN5" failures="0" tests="2" name="com.cde.dockethistory.StatusFilter" time="47.149" errors="0" timestamp="2022-07-06T15:02:44 IST" skipped="0">
  <testcase classname="com.cde.dockethistory.StatusFilter" name="verifyDocketHistoryPage" time="19.383"/>
  <system-out/>
  <testcase classname="com.cde.dockethistory.StatusFilter" name="verifyStatusFilter" time="27.766"/>
  <system-out/>
</testsuite> <!-- com.cde.dockethistory.StatusFilter -->
