<?xml version="1.0" encoding="UTF-8"?>
<!-- Generated by org.testng.reporters.JUnitReportReporter -->
<testsuite hostname="EPIQ-PF2C1YN5" failures="0" tests="2" name="com.cde.client.DeleteClient" time="15.504" errors="0" timestamp="2022-06-01T14:05:03 IST" skipped="0">
  <testcase classname="com.cde.client.DeleteClient" name="verifyClientPage" time="6.716"/>
  <system-out/>
  <testcase classname="com.cde.client.DeleteClient" name="verifyClientDelete" time="8.788"/>
  <system-out/>
</testsuite> <!-- com.cde.client.DeleteClient -->
