<?xml version="1.0" encoding="UTF-8"?>
<!-- Generated by org.testng.reporters.JUnitReportReporter -->
<testsuite skipped="1" hostname="EPIQ-G37QX33" name="com.cde.home.VerifyLogin" tests="2" failures="0" timestamp="2021-11-11T15:39:06 IST" time="4.491" errors="0">
  <testcase name="verifyValidLogin" time="4.491" classname="com.cde.home.VerifyLogin"/>
  <system-out/>
  <testcase name="verifyBlankCredentials" classname="com.cde.home.VerifyLogin">
    <skipped/>
  </testcase> <!-- verifyBlankCredentials -->
  <system-out/>
</testsuite> <!-- com.cde.home.VerifyLogin -->
