<?xml version="1.0" encoding="UTF-8"?>
<!-- Generated by org.testng.reporters.JUnitReportReporter -->
<testsuite hostname="EPIQ-PF2C1YN5" failures="0" tests="5" name="com.cde.home.Home" time="31.813" errors="0" timestamp="2022-06-14T13:52:06 IST" skipped="0">
  <testcase classname="com.cde.home.Home" name="verifyBlankCredentials" time="13.545"/>
  <system-out/>
  <testcase classname="com.cde.home.Home" name="verifyIncorrectUname" time="6.385"/>
  <system-out/>
  <testcase classname="com.cde.home.Home" name="verifyIncorrectPwd" time="3.425"/>
  <system-out/>
  <testcase classname="com.cde.home.Home" name="verifyIncorrectUserPwd" time="3.324"/>
  <system-out/>
  <testcase classname="com.cde.home.Home" name="verifyValidLogindetails" time="5.134"/>
  <system-out/>
</testsuite> <!-- com.cde.home.Home -->
