<?xml version="1.0" encoding="UTF-8"?>
<!-- Generated by org.testng.reporters.JUnitReportReporter -->
<testsuite hostname="EPIQ-PF2C1YN5" failures="0" tests="2" name="com.cde.dockethistory.SourceFilter" time="20.639" errors="0" timestamp="2022-07-05T15:50:57 IST" skipped="0">
  <testcase classname="com.cde.dockethistory.SourceFilter" name="verifyDocketHistoryPage" time="6.383"/>
  <system-out/>
  <testcase classname="com.cde.dockethistory.SourceFilter" name="verifySourceFilter" time="14.256"/>
  <system-out/>
</testsuite> <!-- com.cde.dockethistory.SourceFilter -->
